ARM GAS  /tmp/ccH4GqWv.s 			page 1


   1              		.cpu cortex-m3
   2              		.eabi_attribute 20, 1
   3              		.eabi_attribute 21, 1
   4              		.eabi_attribute 23, 3
   5              		.eabi_attribute 24, 1
   6              		.eabi_attribute 25, 1
   7              		.eabi_attribute 26, 1
   8              		.eabi_attribute 30, 1
   9              		.eabi_attribute 34, 1
  10              		.eabi_attribute 18, 4
  11              		.file	"main.c"
  12              		.text
  13              	.Ltext0:
  14              		.cfi_sections	.debug_frame
  15              		.section	.text.SystemClock_Config,"ax",%progbits
  16              		.align	1
  17              		.global	SystemClock_Config
  18              		.syntax unified
  19              		.thumb
  20              		.thumb_func
  21              		.fpu softvfp
  23              	SystemClock_Config:
  24              	.LFB66:
  25              		.file 1 "Src/main.c"
   1:Src/main.c    **** /* USER CODE BEGIN Header */
   2:Src/main.c    **** /**
   3:Src/main.c    ****   ******************************************************************************
   4:Src/main.c    ****   * @file           : main.c
   5:Src/main.c    ****   * @brief          : Main program body
   6:Src/main.c    ****   ******************************************************************************
   7:Src/main.c    ****   * @attention
   8:Src/main.c    ****   *
   9:Src/main.c    ****   * <h2><center>&copy; Copyright (c) 2019 STMicroelectronics.
  10:Src/main.c    ****   * All rights reserved.</center></h2>
  11:Src/main.c    ****   *
  12:Src/main.c    ****   * This software component is licensed by ST under BSD 3-Clause license,
  13:Src/main.c    ****   * the "License"; You may not use this file except in compliance with the
  14:Src/main.c    ****   * License. You may obtain a copy of the License at:
  15:Src/main.c    ****   *                        opensource.org/licenses/BSD-3-Clause
  16:Src/main.c    ****   *
  17:Src/main.c    ****   ******************************************************************************
  18:Src/main.c    ****   */
  19:Src/main.c    **** /* USER CODE END Header */
  20:Src/main.c    **** 
  21:Src/main.c    **** /* Includes ------------------------------------------------------------------*/
  22:Src/main.c    **** #include "main.h"
  23:Src/main.c    **** #include "gpio.h"
  24:Src/main.c    **** 
  25:Src/main.c    **** /* Private includes ----------------------------------------------------------*/
  26:Src/main.c    **** /* USER CODE BEGIN Includes */
  27:Src/main.c    **** 
  28:Src/main.c    **** /* USER CODE END Includes */
  29:Src/main.c    **** 
  30:Src/main.c    **** /* Private typedef -----------------------------------------------------------*/
  31:Src/main.c    **** /* USER CODE BEGIN PTD */
  32:Src/main.c    **** 
  33:Src/main.c    **** /* USER CODE END PTD */
ARM GAS  /tmp/ccH4GqWv.s 			page 2


  34:Src/main.c    **** 
  35:Src/main.c    **** /* Private define ------------------------------------------------------------*/
  36:Src/main.c    **** /* USER CODE BEGIN PD */
  37:Src/main.c    **** /* USER CODE END PD */
  38:Src/main.c    **** 
  39:Src/main.c    **** /* Private macro -------------------------------------------------------------*/
  40:Src/main.c    **** /* USER CODE BEGIN PM */
  41:Src/main.c    **** 
  42:Src/main.c    **** /* USER CODE END PM */
  43:Src/main.c    **** 
  44:Src/main.c    **** /* Private variables ---------------------------------------------------------*/
  45:Src/main.c    **** 
  46:Src/main.c    **** /* USER CODE BEGIN PV */
  47:Src/main.c    **** 
  48:Src/main.c    **** /* USER CODE END PV */
  49:Src/main.c    **** 
  50:Src/main.c    **** /* Private function prototypes -----------------------------------------------*/
  51:Src/main.c    **** void SystemClock_Config(void);
  52:Src/main.c    **** /* USER CODE BEGIN PFP */
  53:Src/main.c    **** 
  54:Src/main.c    **** /* USER CODE END PFP */
  55:Src/main.c    **** 
  56:Src/main.c    **** /* Private user code ---------------------------------------------------------*/
  57:Src/main.c    **** /* USER CODE BEGIN 0 */
  58:Src/main.c    **** 
  59:Src/main.c    **** /* USER CODE END 0 */
  60:Src/main.c    **** 
  61:Src/main.c    **** /**
  62:Src/main.c    ****   * @brief  The application entry point.
  63:Src/main.c    ****   * @retval int
  64:Src/main.c    ****   */
  65:Src/main.c    **** int main(void)
  66:Src/main.c    **** {
  67:Src/main.c    ****   /* USER CODE BEGIN 1 */
  68:Src/main.c    **** 
  69:Src/main.c    ****   /* USER CODE END 1 */
  70:Src/main.c    ****   
  71:Src/main.c    **** 
  72:Src/main.c    ****   /* MCU Configuration--------------------------------------------------------*/
  73:Src/main.c    **** 
  74:Src/main.c    ****   /* Reset of all peripherals, Initializes the Flash interface and the Systick. */
  75:Src/main.c    ****   HAL_Init();
  76:Src/main.c    **** 
  77:Src/main.c    ****   /* USER CODE BEGIN Init */
  78:Src/main.c    **** 
  79:Src/main.c    ****   /* USER CODE END Init */
  80:Src/main.c    **** 
  81:Src/main.c    ****   /* Configure the system clock */
  82:Src/main.c    ****   SystemClock_Config();
  83:Src/main.c    **** 
  84:Src/main.c    ****   /* USER CODE BEGIN SysInit */
  85:Src/main.c    **** 
  86:Src/main.c    ****   /* USER CODE END SysInit */
  87:Src/main.c    **** 
  88:Src/main.c    ****   /* Initialize all configured peripherals */
  89:Src/main.c    ****   MX_GPIO_Init();
  90:Src/main.c    ****   /* USER CODE BEGIN 2 */
ARM GAS  /tmp/ccH4GqWv.s 			page 3


  91:Src/main.c    **** 
  92:Src/main.c    ****   /* USER CODE END 2 */
  93:Src/main.c    **** 
  94:Src/main.c    ****   /* Infinite loop */
  95:Src/main.c    ****   /* USER CODE BEGIN WHILE */
  96:Src/main.c    ****   while (1)
  97:Src/main.c    ****   {
  98:Src/main.c    ****     /* USER CODE END WHILE */
  99:Src/main.c    **** 
 100:Src/main.c    ****     /* USER CODE BEGIN 3 */
 101:Src/main.c    ****     HAL_Delay(200);
 102:Src/main.c    ****     HAL_GPIO_TogglePin(GPIOA, GPIO_PIN_1);
 103:Src/main.c    ****   }
 104:Src/main.c    ****   /* USER CODE END 3 */
 105:Src/main.c    **** }
 106:Src/main.c    **** 
 107:Src/main.c    **** /**
 108:Src/main.c    ****   * @brief System Clock Configuration
 109:Src/main.c    ****   * @retval None
 110:Src/main.c    ****   */
 111:Src/main.c    **** void SystemClock_Config(void)
 112:Src/main.c    **** {
  26              		.loc 1 112 0
  27              		.cfi_startproc
  28              		@ args = 0, pretend = 0, frame = 64
  29              		@ frame_needed = 0, uses_anonymous_args = 0
  30 0000 30B5     		push	{r4, r5, lr}
  31              	.LCFI0:
  32              		.cfi_def_cfa_offset 12
  33              		.cfi_offset 4, -12
  34              		.cfi_offset 5, -8
  35              		.cfi_offset 14, -4
  36 0002 91B0     		sub	sp, sp, #68
  37              	.LCFI1:
  38              		.cfi_def_cfa_offset 80
 113:Src/main.c    ****   RCC_OscInitTypeDef RCC_OscInitStruct = {0};
  39              		.loc 1 113 0
  40 0004 2822     		movs	r2, #40
  41 0006 0021     		movs	r1, #0
  42 0008 06A8     		add	r0, sp, #24
  43 000a FFF7FEFF 		bl	memset
  44              	.LVL0:
 114:Src/main.c    ****   RCC_ClkInitTypeDef RCC_ClkInitStruct = {0};
  45              		.loc 1 114 0
  46 000e 0024     		movs	r4, #0
  47 0010 0194     		str	r4, [sp, #4]
  48 0012 0294     		str	r4, [sp, #8]
  49 0014 0394     		str	r4, [sp, #12]
  50 0016 0494     		str	r4, [sp, #16]
  51 0018 0594     		str	r4, [sp, #20]
 115:Src/main.c    **** 
 116:Src/main.c    ****   /** Initializes the CPU, AHB and APB busses clocks 
 117:Src/main.c    ****   */
 118:Src/main.c    ****   RCC_OscInitStruct.OscillatorType = RCC_OSCILLATORTYPE_HSE;
  52              		.loc 1 118 0
  53 001a 0122     		movs	r2, #1
  54 001c 0692     		str	r2, [sp, #24]
ARM GAS  /tmp/ccH4GqWv.s 			page 4


 119:Src/main.c    ****   RCC_OscInitStruct.HSEState = RCC_HSE_ON;
  55              		.loc 1 119 0
  56 001e 4FF48033 		mov	r3, #65536
  57 0022 0793     		str	r3, [sp, #28]
 120:Src/main.c    ****   RCC_OscInitStruct.HSEPredivValue = RCC_HSE_PREDIV_DIV1;
 121:Src/main.c    ****   RCC_OscInitStruct.HSIState = RCC_HSI_ON;
  58              		.loc 1 121 0
  59 0024 0A92     		str	r2, [sp, #40]
 122:Src/main.c    ****   RCC_OscInitStruct.PLL.PLLState = RCC_PLL_ON;
  60              		.loc 1 122 0
  61 0026 0225     		movs	r5, #2
  62 0028 0D95     		str	r5, [sp, #52]
 123:Src/main.c    ****   RCC_OscInitStruct.PLL.PLLSource = RCC_PLLSOURCE_HSE;
  63              		.loc 1 123 0
  64 002a 0E93     		str	r3, [sp, #56]
 124:Src/main.c    ****   RCC_OscInitStruct.PLL.PLLMUL = RCC_PLL_MUL2;
 125:Src/main.c    ****   if (HAL_RCC_OscConfig(&RCC_OscInitStruct) != HAL_OK)
  65              		.loc 1 125 0
  66 002c 06A8     		add	r0, sp, #24
  67 002e FFF7FEFF 		bl	HAL_RCC_OscConfig
  68              	.LVL1:
 126:Src/main.c    ****   {
 127:Src/main.c    ****     Error_Handler();
 128:Src/main.c    ****   }
 129:Src/main.c    ****   /** Initializes the CPU, AHB and APB busses clocks 
 130:Src/main.c    ****   */
 131:Src/main.c    ****   RCC_ClkInitStruct.ClockType = RCC_CLOCKTYPE_HCLK|RCC_CLOCKTYPE_SYSCLK
  69              		.loc 1 131 0
  70 0032 0F23     		movs	r3, #15
  71 0034 0193     		str	r3, [sp, #4]
 132:Src/main.c    ****                               |RCC_CLOCKTYPE_PCLK1|RCC_CLOCKTYPE_PCLK2;
 133:Src/main.c    ****   RCC_ClkInitStruct.SYSCLKSource = RCC_SYSCLKSOURCE_PLLCLK;
  72              		.loc 1 133 0
  73 0036 0295     		str	r5, [sp, #8]
 134:Src/main.c    ****   RCC_ClkInitStruct.AHBCLKDivider = RCC_SYSCLK_DIV1;
  74              		.loc 1 134 0
  75 0038 0394     		str	r4, [sp, #12]
 135:Src/main.c    ****   RCC_ClkInitStruct.APB1CLKDivider = RCC_HCLK_DIV1;
  76              		.loc 1 135 0
  77 003a 0494     		str	r4, [sp, #16]
 136:Src/main.c    ****   RCC_ClkInitStruct.APB2CLKDivider = RCC_HCLK_DIV1;
  78              		.loc 1 136 0
  79 003c 0594     		str	r4, [sp, #20]
 137:Src/main.c    **** 
 138:Src/main.c    ****   if (HAL_RCC_ClockConfig(&RCC_ClkInitStruct, FLASH_LATENCY_0) != HAL_OK)
  80              		.loc 1 138 0
  81 003e 2146     		mov	r1, r4
  82 0040 01A8     		add	r0, sp, #4
  83 0042 FFF7FEFF 		bl	HAL_RCC_ClockConfig
  84              	.LVL2:
 139:Src/main.c    ****   {
 140:Src/main.c    ****     Error_Handler();
 141:Src/main.c    ****   }
 142:Src/main.c    **** }
  85              		.loc 1 142 0
  86 0046 11B0     		add	sp, sp, #68
  87              	.LCFI2:
ARM GAS  /tmp/ccH4GqWv.s 			page 5


  88              		.cfi_def_cfa_offset 12
  89              		@ sp needed
  90 0048 30BD     		pop	{r4, r5, pc}
  91              		.cfi_endproc
  92              	.LFE66:
  94              		.section	.text.main,"ax",%progbits
  95              		.align	1
  96              		.global	main
  97              		.syntax unified
  98              		.thumb
  99              		.thumb_func
 100              		.fpu softvfp
 102              	main:
 103              	.LFB65:
  66:Src/main.c    ****   /* USER CODE BEGIN 1 */
 104              		.loc 1 66 0
 105              		.cfi_startproc
 106              		@ Volatile: function does not return.
 107              		@ args = 0, pretend = 0, frame = 0
 108              		@ frame_needed = 0, uses_anonymous_args = 0
 109 0000 08B5     		push	{r3, lr}
 110              	.LCFI3:
 111              		.cfi_def_cfa_offset 8
 112              		.cfi_offset 3, -8
 113              		.cfi_offset 14, -4
  75:Src/main.c    **** 
 114              		.loc 1 75 0
 115 0002 FFF7FEFF 		bl	HAL_Init
 116              	.LVL3:
  82:Src/main.c    **** 
 117              		.loc 1 82 0
 118 0006 FFF7FEFF 		bl	SystemClock_Config
 119              	.LVL4:
  89:Src/main.c    ****   /* USER CODE BEGIN 2 */
 120              		.loc 1 89 0
 121 000a FFF7FEFF 		bl	MX_GPIO_Init
 122              	.LVL5:
 123              	.L4:
 101:Src/main.c    ****     HAL_GPIO_TogglePin(GPIOA, GPIO_PIN_1);
 124              		.loc 1 101 0 discriminator 1
 125 000e C820     		movs	r0, #200
 126 0010 FFF7FEFF 		bl	HAL_Delay
 127              	.LVL6:
 102:Src/main.c    ****   }
 128              		.loc 1 102 0 discriminator 1
 129 0014 0221     		movs	r1, #2
 130 0016 0248     		ldr	r0, .L6
 131 0018 FFF7FEFF 		bl	HAL_GPIO_TogglePin
 132              	.LVL7:
 133 001c F7E7     		b	.L4
 134              	.L7:
 135 001e 00BF     		.align	2
 136              	.L6:
 137 0020 00080140 		.word	1073809408
 138              		.cfi_endproc
 139              	.LFE65:
 141              		.section	.text.Error_Handler,"ax",%progbits
ARM GAS  /tmp/ccH4GqWv.s 			page 6


 142              		.align	1
 143              		.global	Error_Handler
 144              		.syntax unified
 145              		.thumb
 146              		.thumb_func
 147              		.fpu softvfp
 149              	Error_Handler:
 150              	.LFB67:
 143:Src/main.c    **** 
 144:Src/main.c    **** /* USER CODE BEGIN 4 */
 145:Src/main.c    **** 
 146:Src/main.c    **** /* USER CODE END 4 */
 147:Src/main.c    **** 
 148:Src/main.c    **** /**
 149:Src/main.c    ****   * @brief  This function is executed in case of error occurrence.
 150:Src/main.c    ****   * @retval None
 151:Src/main.c    ****   */
 152:Src/main.c    **** void Error_Handler(void)
 153:Src/main.c    **** {
 151              		.loc 1 153 0
 152              		.cfi_startproc
 153              		@ args = 0, pretend = 0, frame = 0
 154              		@ frame_needed = 0, uses_anonymous_args = 0
 155              		@ link register save eliminated.
 156 0000 7047     		bx	lr
 157              		.cfi_endproc
 158              	.LFE67:
 160              		.text
 161              	.Letext0:
 162              		.file 2 "/usr/include/newlib/machine/_default_types.h"
 163              		.file 3 "/usr/include/newlib/sys/_stdint.h"
 164              		.file 4 "Drivers/CMSIS/Include/core_cm3.h"
 165              		.file 5 "Drivers/CMSIS/Device/ST/STM32F1xx/Include/system_stm32f1xx.h"
 166              		.file 6 "Drivers/CMSIS/Device/ST/STM32F1xx/Include/stm32f103xb.h"
 167              		.file 7 "Drivers/STM32F1xx_HAL_Driver/Inc/stm32f1xx_hal_rcc.h"
 168              		.file 8 "Drivers/STM32F1xx_HAL_Driver/Inc/stm32f1xx_hal_rcc_ex.h"
 169              		.file 9 "Drivers/STM32F1xx_HAL_Driver/Inc/stm32f1xx_hal_def.h"
 170              		.file 10 "Drivers/STM32F1xx_HAL_Driver/Inc/stm32f1xx_hal.h"
 171              		.file 11 "Inc/gpio.h"
 172              		.file 12 "Drivers/STM32F1xx_HAL_Driver/Inc/stm32f1xx_hal_gpio.h"
ARM GAS  /tmp/ccH4GqWv.s 			page 7


DEFINED SYMBOLS
                            *ABS*:0000000000000000 main.c
     /tmp/ccH4GqWv.s:16     .text.SystemClock_Config:0000000000000000 $t
     /tmp/ccH4GqWv.s:23     .text.SystemClock_Config:0000000000000000 SystemClock_Config
     /tmp/ccH4GqWv.s:95     .text.main:0000000000000000 $t
     /tmp/ccH4GqWv.s:102    .text.main:0000000000000000 main
     /tmp/ccH4GqWv.s:137    .text.main:0000000000000020 $d
     /tmp/ccH4GqWv.s:142    .text.Error_Handler:0000000000000000 $t
     /tmp/ccH4GqWv.s:149    .text.Error_Handler:0000000000000000 Error_Handler
                     .debug_frame:0000000000000010 $d

UNDEFINED SYMBOLS
memset
HAL_RCC_OscConfig
HAL_RCC_ClockConfig
HAL_Init
MX_GPIO_Init
HAL_Delay
HAL_GPIO_TogglePin
