ARM GAS  /tmp/ccwKFWR8.s 			page 1


   1              		.cpu cortex-m3
   2              		.eabi_attribute 20, 1
   3              		.eabi_attribute 21, 1
   4              		.eabi_attribute 23, 3
   5              		.eabi_attribute 24, 1
   6              		.eabi_attribute 25, 1
   7              		.eabi_attribute 26, 1
   8              		.eabi_attribute 30, 1
   9              		.eabi_attribute 34, 1
  10              		.eabi_attribute 18, 4
  11              		.file	"gpio.c"
  12              		.text
  13              	.Ltext0:
  14              		.cfi_sections	.debug_frame
  15              		.section	.text.MX_GPIO_Init,"ax",%progbits
  16              		.align	1
  17              		.global	MX_GPIO_Init
  18              		.syntax unified
  19              		.thumb
  20              		.thumb_func
  21              		.fpu softvfp
  23              	MX_GPIO_Init:
  24              	.LFB65:
  25              		.file 1 "Src/gpio.c"
   1:Src/gpio.c    **** /**
   2:Src/gpio.c    ****   ******************************************************************************
   3:Src/gpio.c    ****   * File Name          : gpio.c
   4:Src/gpio.c    ****   * Description        : This file provides code for the configuration
   5:Src/gpio.c    ****   *                      of all used GPIO pins.
   6:Src/gpio.c    ****   ******************************************************************************
   7:Src/gpio.c    ****   * @attention
   8:Src/gpio.c    ****   *
   9:Src/gpio.c    ****   * <h2><center>&copy; Copyright (c) 2019 STMicroelectronics.
  10:Src/gpio.c    ****   * All rights reserved.</center></h2>
  11:Src/gpio.c    ****   *
  12:Src/gpio.c    ****   * This software component is licensed by ST under BSD 3-Clause license,
  13:Src/gpio.c    ****   * the "License"; You may not use this file except in compliance with the
  14:Src/gpio.c    ****   * License. You may obtain a copy of the License at:
  15:Src/gpio.c    ****   *                        opensource.org/licenses/BSD-3-Clause
  16:Src/gpio.c    ****   *
  17:Src/gpio.c    ****   ******************************************************************************
  18:Src/gpio.c    ****   */
  19:Src/gpio.c    **** 
  20:Src/gpio.c    **** /* Includes ------------------------------------------------------------------*/
  21:Src/gpio.c    **** #include "gpio.h"
  22:Src/gpio.c    **** /* USER CODE BEGIN 0 */
  23:Src/gpio.c    **** 
  24:Src/gpio.c    **** /* USER CODE END 0 */
  25:Src/gpio.c    **** 
  26:Src/gpio.c    **** /*----------------------------------------------------------------------------*/
  27:Src/gpio.c    **** /* Configure GPIO                                                             */
  28:Src/gpio.c    **** /*----------------------------------------------------------------------------*/
  29:Src/gpio.c    **** /* USER CODE BEGIN 1 */
  30:Src/gpio.c    **** 
  31:Src/gpio.c    **** /* USER CODE END 1 */
  32:Src/gpio.c    **** 
  33:Src/gpio.c    **** /** Configure pins as 
ARM GAS  /tmp/ccwKFWR8.s 			page 2


  34:Src/gpio.c    ****         * Analog 
  35:Src/gpio.c    ****         * Input 
  36:Src/gpio.c    ****         * Output
  37:Src/gpio.c    ****         * EVENT_OUT
  38:Src/gpio.c    ****         * EXTI
  39:Src/gpio.c    **** */
  40:Src/gpio.c    **** void MX_GPIO_Init(void)
  41:Src/gpio.c    **** {
  26              		.loc 1 41 0
  27              		.cfi_startproc
  28              		@ args = 0, pretend = 0, frame = 24
  29              		@ frame_needed = 0, uses_anonymous_args = 0
  30 0000 70B5     		push	{r4, r5, r6, lr}
  31              	.LCFI0:
  32              		.cfi_def_cfa_offset 16
  33              		.cfi_offset 4, -16
  34              		.cfi_offset 5, -12
  35              		.cfi_offset 6, -8
  36              		.cfi_offset 14, -4
  37 0002 86B0     		sub	sp, sp, #24
  38              	.LCFI1:
  39              		.cfi_def_cfa_offset 40
  42:Src/gpio.c    **** 
  43:Src/gpio.c    ****   GPIO_InitTypeDef GPIO_InitStruct = {0};
  40              		.loc 1 43 0
  41 0004 0024     		movs	r4, #0
  42 0006 0294     		str	r4, [sp, #8]
  43 0008 0394     		str	r4, [sp, #12]
  44 000a 0494     		str	r4, [sp, #16]
  45 000c 0594     		str	r4, [sp, #20]
  46              	.LBB2:
  44:Src/gpio.c    **** 
  45:Src/gpio.c    ****   /* GPIO Ports Clock Enable */
  46:Src/gpio.c    ****   __HAL_RCC_GPIOD_CLK_ENABLE();
  47              		.loc 1 46 0
  48 000e 174B     		ldr	r3, .L3
  49 0010 9A69     		ldr	r2, [r3, #24]
  50 0012 42F02002 		orr	r2, r2, #32
  51 0016 9A61     		str	r2, [r3, #24]
  52 0018 9A69     		ldr	r2, [r3, #24]
  53 001a 02F02002 		and	r2, r2, #32
  54 001e 0092     		str	r2, [sp]
  55 0020 009A     		ldr	r2, [sp]
  56              	.LBE2:
  57              	.LBB3:
  47:Src/gpio.c    ****   __HAL_RCC_GPIOA_CLK_ENABLE();
  58              		.loc 1 47 0
  59 0022 9A69     		ldr	r2, [r3, #24]
  60 0024 42F00402 		orr	r2, r2, #4
  61 0028 9A61     		str	r2, [r3, #24]
  62 002a 9B69     		ldr	r3, [r3, #24]
  63 002c 03F00403 		and	r3, r3, #4
  64 0030 0193     		str	r3, [sp, #4]
  65 0032 019B     		ldr	r3, [sp, #4]
  66              	.LBE3:
  48:Src/gpio.c    **** 
  49:Src/gpio.c    ****   /*Configure GPIO pin Output Level */
ARM GAS  /tmp/ccwKFWR8.s 			page 3


  50:Src/gpio.c    ****   HAL_GPIO_WritePin(GPIOA, LED_Pin|HC_SR04_TRIG_Pin, GPIO_PIN_RESET);
  67              		.loc 1 50 0
  68 0034 0E4D     		ldr	r5, .L3+4
  69 0036 2246     		mov	r2, r4
  70 0038 1221     		movs	r1, #18
  71 003a 2846     		mov	r0, r5
  72 003c FFF7FEFF 		bl	HAL_GPIO_WritePin
  73              	.LVL0:
  51:Src/gpio.c    **** 
  52:Src/gpio.c    ****   /*Configure GPIO pins : PAPin PAPin */
  53:Src/gpio.c    ****   GPIO_InitStruct.Pin = LED_Pin|HC_SR04_TRIG_Pin;
  74              		.loc 1 53 0
  75 0040 1223     		movs	r3, #18
  76 0042 0293     		str	r3, [sp, #8]
  54:Src/gpio.c    ****   GPIO_InitStruct.Mode = GPIO_MODE_OUTPUT_PP;
  77              		.loc 1 54 0
  78 0044 0123     		movs	r3, #1
  79 0046 0393     		str	r3, [sp, #12]
  55:Src/gpio.c    ****   GPIO_InitStruct.Pull = GPIO_NOPULL;
  80              		.loc 1 55 0
  81 0048 0494     		str	r4, [sp, #16]
  56:Src/gpio.c    ****   GPIO_InitStruct.Speed = GPIO_SPEED_FREQ_LOW;
  82              		.loc 1 56 0
  83 004a 0226     		movs	r6, #2
  84 004c 0596     		str	r6, [sp, #20]
  57:Src/gpio.c    ****   HAL_GPIO_Init(GPIOA, &GPIO_InitStruct);
  85              		.loc 1 57 0
  86 004e 02A9     		add	r1, sp, #8
  87 0050 2846     		mov	r0, r5
  88 0052 FFF7FEFF 		bl	HAL_GPIO_Init
  89              	.LVL1:
  58:Src/gpio.c    **** 
  59:Src/gpio.c    ****   /*Configure GPIO pin : PtPin */
  60:Src/gpio.c    ****   GPIO_InitStruct.Pin = HC_SR04_ECHO_Pin;
  90              		.loc 1 60 0
  91 0056 2023     		movs	r3, #32
  92 0058 0293     		str	r3, [sp, #8]
  61:Src/gpio.c    ****   GPIO_InitStruct.Mode = GPIO_MODE_INPUT;
  93              		.loc 1 61 0
  94 005a 0394     		str	r4, [sp, #12]
  62:Src/gpio.c    ****   GPIO_InitStruct.Pull = GPIO_PULLDOWN;
  95              		.loc 1 62 0
  96 005c 0496     		str	r6, [sp, #16]
  63:Src/gpio.c    ****   HAL_GPIO_Init(HC_SR04_ECHO_GPIO_Port, &GPIO_InitStruct);
  97              		.loc 1 63 0
  98 005e 02A9     		add	r1, sp, #8
  99 0060 2846     		mov	r0, r5
 100 0062 FFF7FEFF 		bl	HAL_GPIO_Init
 101              	.LVL2:
  64:Src/gpio.c    **** 
  65:Src/gpio.c    **** }
 102              		.loc 1 65 0
 103 0066 06B0     		add	sp, sp, #24
 104              	.LCFI2:
 105              		.cfi_def_cfa_offset 16
 106              		@ sp needed
 107 0068 70BD     		pop	{r4, r5, r6, pc}
ARM GAS  /tmp/ccwKFWR8.s 			page 4


 108              	.L4:
 109 006a 00BF     		.align	2
 110              	.L3:
 111 006c 00100240 		.word	1073876992
 112 0070 00080140 		.word	1073809408
 113              		.cfi_endproc
 114              	.LFE65:
 116              		.text
 117              	.Letext0:
 118              		.file 2 "/usr/include/newlib/machine/_default_types.h"
 119              		.file 3 "/usr/include/newlib/sys/_stdint.h"
 120              		.file 4 "Drivers/CMSIS/Include/core_cm3.h"
 121              		.file 5 "Drivers/CMSIS/Device/ST/STM32F1xx/Include/system_stm32f1xx.h"
 122              		.file 6 "Drivers/CMSIS/Device/ST/STM32F1xx/Include/stm32f103xb.h"
 123              		.file 7 "Drivers/STM32F1xx_HAL_Driver/Inc/stm32f1xx_hal_gpio.h"
 124              		.file 8 "Drivers/STM32F1xx_HAL_Driver/Inc/stm32f1xx_hal.h"
ARM GAS  /tmp/ccwKFWR8.s 			page 5


DEFINED SYMBOLS
                            *ABS*:0000000000000000 gpio.c
     /tmp/ccwKFWR8.s:16     .text.MX_GPIO_Init:0000000000000000 $t
     /tmp/ccwKFWR8.s:23     .text.MX_GPIO_Init:0000000000000000 MX_GPIO_Init
     /tmp/ccwKFWR8.s:111    .text.MX_GPIO_Init:000000000000006c $d
                     .debug_frame:0000000000000010 $d

UNDEFINED SYMBOLS
HAL_GPIO_WritePin
HAL_GPIO_Init
