ARM GAS  /tmp/ccb59hZX.s 			page 1


   1              		.cpu cortex-m3
   2              		.eabi_attribute 20, 1
   3              		.eabi_attribute 21, 1
   4              		.eabi_attribute 23, 3
   5              		.eabi_attribute 24, 1
   6              		.eabi_attribute 25, 1
   7              		.eabi_attribute 26, 1
   8              		.eabi_attribute 30, 1
   9              		.eabi_attribute 34, 1
  10              		.eabi_attribute 18, 4
  11              		.file	"tim.c"
  12              		.text
  13              	.Ltext0:
  14              		.cfi_sections	.debug_frame
  15              		.section	.text.HAL_TIM_PWM_MspInit,"ax",%progbits
  16              		.align	1
  17              		.global	HAL_TIM_PWM_MspInit
  18              		.syntax unified
  19              		.thumb
  20              		.thumb_func
  21              		.fpu softvfp
  23              	HAL_TIM_PWM_MspInit:
  24              	.LFB66:
  25              		.file 1 "Src/tim.c"
   1:Src/tim.c     **** /**
   2:Src/tim.c     ****   ******************************************************************************
   3:Src/tim.c     ****   * File Name          : TIM.c
   4:Src/tim.c     ****   * Description        : This file provides code for the configuration
   5:Src/tim.c     ****   *                      of the TIM instances.
   6:Src/tim.c     ****   ******************************************************************************
   7:Src/tim.c     ****   * @attention
   8:Src/tim.c     ****   *
   9:Src/tim.c     ****   * <h2><center>&copy; Copyright (c) 2019 STMicroelectronics.
  10:Src/tim.c     ****   * All rights reserved.</center></h2>
  11:Src/tim.c     ****   *
  12:Src/tim.c     ****   * This software component is licensed by ST under BSD 3-Clause license,
  13:Src/tim.c     ****   * the "License"; You may not use this file except in compliance with the
  14:Src/tim.c     ****   * License. You may obtain a copy of the License at:
  15:Src/tim.c     ****   *                        opensource.org/licenses/BSD-3-Clause
  16:Src/tim.c     ****   *
  17:Src/tim.c     ****   ******************************************************************************
  18:Src/tim.c     ****   */
  19:Src/tim.c     **** 
  20:Src/tim.c     **** /* Includes ------------------------------------------------------------------*/
  21:Src/tim.c     **** #include "tim.h"
  22:Src/tim.c     **** 
  23:Src/tim.c     **** /* USER CODE BEGIN 0 */
  24:Src/tim.c     **** 
  25:Src/tim.c     **** /* USER CODE END 0 */
  26:Src/tim.c     **** 
  27:Src/tim.c     **** TIM_HandleTypeDef htim3;
  28:Src/tim.c     **** 
  29:Src/tim.c     **** /* TIM3 init function */
  30:Src/tim.c     **** void MX_TIM3_Init(void)
  31:Src/tim.c     **** {
  32:Src/tim.c     ****   TIM_MasterConfigTypeDef sMasterConfig = {0};
  33:Src/tim.c     ****   TIM_OC_InitTypeDef sConfigOC = {0};
ARM GAS  /tmp/ccb59hZX.s 			page 2


  34:Src/tim.c     **** 
  35:Src/tim.c     ****   htim3.Instance = TIM3;
  36:Src/tim.c     ****   htim3.Init.Prescaler = 72 - 1;
  37:Src/tim.c     ****   htim3.Init.CounterMode = TIM_COUNTERMODE_UP;
  38:Src/tim.c     ****   htim3.Init.Period = 1000 - 1;
  39:Src/tim.c     ****   htim3.Init.ClockDivision = TIM_CLOCKDIVISION_DIV1;
  40:Src/tim.c     ****   htim3.Init.AutoReloadPreload = TIM_AUTORELOAD_PRELOAD_DISABLE;
  41:Src/tim.c     ****   if (HAL_TIM_PWM_Init(&htim3) != HAL_OK)
  42:Src/tim.c     ****   {
  43:Src/tim.c     ****     Error_Handler();
  44:Src/tim.c     ****   }
  45:Src/tim.c     ****   sMasterConfig.MasterOutputTrigger = TIM_TRGO_RESET;
  46:Src/tim.c     ****   sMasterConfig.MasterSlaveMode = TIM_MASTERSLAVEMODE_DISABLE;
  47:Src/tim.c     ****   if (HAL_TIMEx_MasterConfigSynchronization(&htim3, &sMasterConfig) != HAL_OK)
  48:Src/tim.c     ****   {
  49:Src/tim.c     ****     Error_Handler();
  50:Src/tim.c     ****   }
  51:Src/tim.c     ****   sConfigOC.OCMode = TIM_OCMODE_PWM1;
  52:Src/tim.c     ****   sConfigOC.Pulse = 0;
  53:Src/tim.c     ****   sConfigOC.OCPolarity = TIM_OCPOLARITY_HIGH;
  54:Src/tim.c     ****   sConfigOC.OCFastMode = TIM_OCFAST_DISABLE;
  55:Src/tim.c     ****   if (HAL_TIM_PWM_ConfigChannel(&htim3, &sConfigOC, TIM_CHANNEL_1) != HAL_OK)
  56:Src/tim.c     ****   {
  57:Src/tim.c     ****     Error_Handler();
  58:Src/tim.c     ****   }
  59:Src/tim.c     ****   if (HAL_TIM_PWM_ConfigChannel(&htim3, &sConfigOC, TIM_CHANNEL_3) != HAL_OK)
  60:Src/tim.c     ****   {
  61:Src/tim.c     ****     Error_Handler();
  62:Src/tim.c     ****   }
  63:Src/tim.c     ****   HAL_TIM_MspPostInit(&htim3);
  64:Src/tim.c     **** 
  65:Src/tim.c     **** }
  66:Src/tim.c     **** 
  67:Src/tim.c     **** void HAL_TIM_PWM_MspInit(TIM_HandleTypeDef* tim_pwmHandle)
  68:Src/tim.c     **** {
  26              		.loc 1 68 0
  27              		.cfi_startproc
  28              		@ args = 0, pretend = 0, frame = 8
  29              		@ frame_needed = 0, uses_anonymous_args = 0
  30              		@ link register save eliminated.
  31              	.LVL0:
  69:Src/tim.c     **** 
  70:Src/tim.c     ****   if(tim_pwmHandle->Instance==TIM3)
  32              		.loc 1 70 0
  33 0000 0268     		ldr	r2, [r0]
  34 0002 094B     		ldr	r3, .L9
  35 0004 9A42     		cmp	r2, r3
  36 0006 00D0     		beq	.L8
  37              	.L7:
  71:Src/tim.c     ****   {
  72:Src/tim.c     ****   /* USER CODE BEGIN TIM3_MspInit 0 */
  73:Src/tim.c     **** 
  74:Src/tim.c     ****   /* USER CODE END TIM3_MspInit 0 */
  75:Src/tim.c     ****     /* TIM3 clock enable */
  76:Src/tim.c     ****     __HAL_RCC_TIM3_CLK_ENABLE();
  77:Src/tim.c     ****   /* USER CODE BEGIN TIM3_MspInit 1 */
  78:Src/tim.c     **** 
ARM GAS  /tmp/ccb59hZX.s 			page 3


  79:Src/tim.c     ****   /* USER CODE END TIM3_MspInit 1 */
  80:Src/tim.c     ****   }
  81:Src/tim.c     **** }
  38              		.loc 1 81 0
  39 0008 7047     		bx	lr
  40              	.L8:
  68:Src/tim.c     **** 
  41              		.loc 1 68 0
  42 000a 82B0     		sub	sp, sp, #8
  43              	.LCFI0:
  44              		.cfi_def_cfa_offset 8
  45              	.LBB2:
  76:Src/tim.c     ****   /* USER CODE BEGIN TIM3_MspInit 1 */
  46              		.loc 1 76 0
  47 000c 03F50333 		add	r3, r3, #134144
  48 0010 DA69     		ldr	r2, [r3, #28]
  49 0012 42F00202 		orr	r2, r2, #2
  50 0016 DA61     		str	r2, [r3, #28]
  51 0018 DB69     		ldr	r3, [r3, #28]
  52 001a 03F00203 		and	r3, r3, #2
  53 001e 0193     		str	r3, [sp, #4]
  54 0020 019B     		ldr	r3, [sp, #4]
  55              	.LBE2:
  56              		.loc 1 81 0
  57 0022 02B0     		add	sp, sp, #8
  58              	.LCFI1:
  59              		.cfi_def_cfa_offset 0
  60              		@ sp needed
  61 0024 F0E7     		b	.L7
  62              	.L10:
  63 0026 00BF     		.align	2
  64              	.L9:
  65 0028 00040040 		.word	1073742848
  66              		.cfi_endproc
  67              	.LFE66:
  69              		.section	.text.HAL_TIM_MspPostInit,"ax",%progbits
  70              		.align	1
  71              		.global	HAL_TIM_MspPostInit
  72              		.syntax unified
  73              		.thumb
  74              		.thumb_func
  75              		.fpu softvfp
  77              	HAL_TIM_MspPostInit:
  78              	.LFB67:
  82:Src/tim.c     **** void HAL_TIM_MspPostInit(TIM_HandleTypeDef* timHandle)
  83:Src/tim.c     **** {
  79              		.loc 1 83 0
  80              		.cfi_startproc
  81              		@ args = 0, pretend = 0, frame = 24
  82              		@ frame_needed = 0, uses_anonymous_args = 0
  83              	.LVL1:
  84 0000 10B5     		push	{r4, lr}
  85              	.LCFI2:
  86              		.cfi_def_cfa_offset 8
  87              		.cfi_offset 4, -8
  88              		.cfi_offset 14, -4
  89 0002 86B0     		sub	sp, sp, #24
ARM GAS  /tmp/ccb59hZX.s 			page 4


  90              	.LCFI3:
  91              		.cfi_def_cfa_offset 32
  84:Src/tim.c     **** 
  85:Src/tim.c     ****   GPIO_InitTypeDef GPIO_InitStruct = {0};
  92              		.loc 1 85 0
  93 0004 0023     		movs	r3, #0
  94 0006 0293     		str	r3, [sp, #8]
  95 0008 0393     		str	r3, [sp, #12]
  96 000a 0493     		str	r3, [sp, #16]
  97 000c 0593     		str	r3, [sp, #20]
  86:Src/tim.c     ****   if(timHandle->Instance==TIM3)
  98              		.loc 1 86 0
  99 000e 0268     		ldr	r2, [r0]
 100 0010 154B     		ldr	r3, .L15
 101 0012 9A42     		cmp	r2, r3
 102 0014 01D0     		beq	.L14
 103              	.LVL2:
 104              	.L11:
  87:Src/tim.c     ****   {
  88:Src/tim.c     ****   /* USER CODE BEGIN TIM3_MspPostInit 0 */
  89:Src/tim.c     **** 
  90:Src/tim.c     ****   /* USER CODE END TIM3_MspPostInit 0 */
  91:Src/tim.c     ****   
  92:Src/tim.c     ****     __HAL_RCC_GPIOA_CLK_ENABLE();
  93:Src/tim.c     ****     __HAL_RCC_GPIOB_CLK_ENABLE();
  94:Src/tim.c     ****     /**TIM3 GPIO Configuration    
  95:Src/tim.c     ****     PA6     ------> TIM3_CH1
  96:Src/tim.c     ****     PB0     ------> TIM3_CH3 
  97:Src/tim.c     ****     */
  98:Src/tim.c     ****     GPIO_InitStruct.Pin = GPIO_PIN_6;
  99:Src/tim.c     ****     GPIO_InitStruct.Mode = GPIO_MODE_AF_PP;
 100:Src/tim.c     ****     GPIO_InitStruct.Speed = GPIO_SPEED_FREQ_LOW;
 101:Src/tim.c     ****     HAL_GPIO_Init(GPIOA, &GPIO_InitStruct);
 102:Src/tim.c     **** 
 103:Src/tim.c     ****     GPIO_InitStruct.Pin = GPIO_PIN_0;
 104:Src/tim.c     ****     GPIO_InitStruct.Mode = GPIO_MODE_AF_PP;
 105:Src/tim.c     ****     GPIO_InitStruct.Speed = GPIO_SPEED_FREQ_LOW;
 106:Src/tim.c     ****     HAL_GPIO_Init(GPIOB, &GPIO_InitStruct);
 107:Src/tim.c     **** 
 108:Src/tim.c     ****   /* USER CODE BEGIN TIM3_MspPostInit 1 */
 109:Src/tim.c     **** 
 110:Src/tim.c     ****   /* USER CODE END TIM3_MspPostInit 1 */
 111:Src/tim.c     ****   }
 112:Src/tim.c     **** 
 113:Src/tim.c     **** }
 105              		.loc 1 113 0
 106 0016 06B0     		add	sp, sp, #24
 107              	.LCFI4:
 108              		.cfi_remember_state
 109              		.cfi_def_cfa_offset 8
 110              		@ sp needed
 111 0018 10BD     		pop	{r4, pc}
 112              	.LVL3:
 113              	.L14:
 114              	.LCFI5:
 115              		.cfi_restore_state
 116              	.LBB3:
ARM GAS  /tmp/ccb59hZX.s 			page 5


  92:Src/tim.c     ****     __HAL_RCC_GPIOB_CLK_ENABLE();
 117              		.loc 1 92 0
 118 001a 03F50333 		add	r3, r3, #134144
 119 001e 9A69     		ldr	r2, [r3, #24]
 120 0020 42F00402 		orr	r2, r2, #4
 121 0024 9A61     		str	r2, [r3, #24]
 122 0026 9A69     		ldr	r2, [r3, #24]
 123 0028 02F00402 		and	r2, r2, #4
 124 002c 0092     		str	r2, [sp]
 125 002e 009A     		ldr	r2, [sp]
 126              	.LBE3:
 127              	.LBB4:
  93:Src/tim.c     ****     /**TIM3 GPIO Configuration    
 128              		.loc 1 93 0
 129 0030 9A69     		ldr	r2, [r3, #24]
 130 0032 42F00802 		orr	r2, r2, #8
 131 0036 9A61     		str	r2, [r3, #24]
 132 0038 9B69     		ldr	r3, [r3, #24]
 133 003a 03F00803 		and	r3, r3, #8
 134 003e 0193     		str	r3, [sp, #4]
 135 0040 019B     		ldr	r3, [sp, #4]
 136              	.LBE4:
  98:Src/tim.c     ****     GPIO_InitStruct.Mode = GPIO_MODE_AF_PP;
 137              		.loc 1 98 0
 138 0042 4023     		movs	r3, #64
 139 0044 0293     		str	r3, [sp, #8]
  99:Src/tim.c     ****     GPIO_InitStruct.Speed = GPIO_SPEED_FREQ_LOW;
 140              		.loc 1 99 0
 141 0046 0224     		movs	r4, #2
 142 0048 0394     		str	r4, [sp, #12]
 100:Src/tim.c     ****     HAL_GPIO_Init(GPIOA, &GPIO_InitStruct);
 143              		.loc 1 100 0
 144 004a 0594     		str	r4, [sp, #20]
 101:Src/tim.c     **** 
 145              		.loc 1 101 0
 146 004c 02A9     		add	r1, sp, #8
 147 004e 0748     		ldr	r0, .L15+4
 148              	.LVL4:
 149 0050 FFF7FEFF 		bl	HAL_GPIO_Init
 150              	.LVL5:
 103:Src/tim.c     ****     GPIO_InitStruct.Mode = GPIO_MODE_AF_PP;
 151              		.loc 1 103 0
 152 0054 0123     		movs	r3, #1
 153 0056 0293     		str	r3, [sp, #8]
 104:Src/tim.c     ****     GPIO_InitStruct.Speed = GPIO_SPEED_FREQ_LOW;
 154              		.loc 1 104 0
 155 0058 0394     		str	r4, [sp, #12]
 105:Src/tim.c     ****     HAL_GPIO_Init(GPIOB, &GPIO_InitStruct);
 156              		.loc 1 105 0
 157 005a 0594     		str	r4, [sp, #20]
 106:Src/tim.c     **** 
 158              		.loc 1 106 0
 159 005c 02A9     		add	r1, sp, #8
 160 005e 0448     		ldr	r0, .L15+8
 161 0060 FFF7FEFF 		bl	HAL_GPIO_Init
 162              	.LVL6:
 163              		.loc 1 113 0
ARM GAS  /tmp/ccb59hZX.s 			page 6


 164 0064 D7E7     		b	.L11
 165              	.L16:
 166 0066 00BF     		.align	2
 167              	.L15:
 168 0068 00040040 		.word	1073742848
 169 006c 00080140 		.word	1073809408
 170 0070 000C0140 		.word	1073810432
 171              		.cfi_endproc
 172              	.LFE67:
 174              		.section	.text.MX_TIM3_Init,"ax",%progbits
 175              		.align	1
 176              		.global	MX_TIM3_Init
 177              		.syntax unified
 178              		.thumb
 179              		.thumb_func
 180              		.fpu softvfp
 182              	MX_TIM3_Init:
 183              	.LFB65:
  31:Src/tim.c     ****   TIM_MasterConfigTypeDef sMasterConfig = {0};
 184              		.loc 1 31 0
 185              		.cfi_startproc
 186              		@ args = 0, pretend = 0, frame = 40
 187              		@ frame_needed = 0, uses_anonymous_args = 0
 188 0000 00B5     		push	{lr}
 189              	.LCFI6:
 190              		.cfi_def_cfa_offset 4
 191              		.cfi_offset 14, -4
 192 0002 8BB0     		sub	sp, sp, #44
 193              	.LCFI7:
 194              		.cfi_def_cfa_offset 48
  32:Src/tim.c     ****   TIM_OC_InitTypeDef sConfigOC = {0};
 195              		.loc 1 32 0
 196 0004 0023     		movs	r3, #0
 197 0006 0893     		str	r3, [sp, #32]
 198 0008 0993     		str	r3, [sp, #36]
  33:Src/tim.c     **** 
 199              		.loc 1 33 0
 200 000a 0193     		str	r3, [sp, #4]
 201 000c 0293     		str	r3, [sp, #8]
 202 000e 0393     		str	r3, [sp, #12]
 203 0010 0493     		str	r3, [sp, #16]
 204 0012 0593     		str	r3, [sp, #20]
 205 0014 0693     		str	r3, [sp, #24]
 206 0016 0793     		str	r3, [sp, #28]
  35:Src/tim.c     ****   htim3.Init.Prescaler = 72 - 1;
 207              		.loc 1 35 0
 208 0018 1C48     		ldr	r0, .L27
 209 001a 1D4A     		ldr	r2, .L27+4
 210 001c 0260     		str	r2, [r0]
  36:Src/tim.c     ****   htim3.Init.CounterMode = TIM_COUNTERMODE_UP;
 211              		.loc 1 36 0
 212 001e 4722     		movs	r2, #71
 213 0020 4260     		str	r2, [r0, #4]
  37:Src/tim.c     ****   htim3.Init.Period = 1000 - 1;
 214              		.loc 1 37 0
 215 0022 8360     		str	r3, [r0, #8]
  38:Src/tim.c     ****   htim3.Init.ClockDivision = TIM_CLOCKDIVISION_DIV1;
ARM GAS  /tmp/ccb59hZX.s 			page 7


 216              		.loc 1 38 0
 217 0024 40F2E732 		movw	r2, #999
 218 0028 C260     		str	r2, [r0, #12]
  39:Src/tim.c     ****   htim3.Init.AutoReloadPreload = TIM_AUTORELOAD_PRELOAD_DISABLE;
 219              		.loc 1 39 0
 220 002a 0361     		str	r3, [r0, #16]
  40:Src/tim.c     ****   if (HAL_TIM_PWM_Init(&htim3) != HAL_OK)
 221              		.loc 1 40 0
 222 002c 8361     		str	r3, [r0, #24]
  41:Src/tim.c     ****   {
 223              		.loc 1 41 0
 224 002e FFF7FEFF 		bl	HAL_TIM_PWM_Init
 225              	.LVL7:
 226 0032 F0B9     		cbnz	r0, .L23
 227              	.L18:
  45:Src/tim.c     ****   sMasterConfig.MasterSlaveMode = TIM_MASTERSLAVEMODE_DISABLE;
 228              		.loc 1 45 0
 229 0034 0023     		movs	r3, #0
 230 0036 0893     		str	r3, [sp, #32]
  46:Src/tim.c     ****   if (HAL_TIMEx_MasterConfigSynchronization(&htim3, &sMasterConfig) != HAL_OK)
 231              		.loc 1 46 0
 232 0038 0993     		str	r3, [sp, #36]
  47:Src/tim.c     ****   {
 233              		.loc 1 47 0
 234 003a 08A9     		add	r1, sp, #32
 235 003c 1348     		ldr	r0, .L27
 236 003e FFF7FEFF 		bl	HAL_TIMEx_MasterConfigSynchronization
 237              	.LVL8:
 238 0042 C8B9     		cbnz	r0, .L24
 239              	.L19:
  51:Src/tim.c     ****   sConfigOC.Pulse = 0;
 240              		.loc 1 51 0
 241 0044 6023     		movs	r3, #96
 242 0046 0193     		str	r3, [sp, #4]
  52:Src/tim.c     ****   sConfigOC.OCPolarity = TIM_OCPOLARITY_HIGH;
 243              		.loc 1 52 0
 244 0048 0022     		movs	r2, #0
 245 004a 0292     		str	r2, [sp, #8]
  53:Src/tim.c     ****   sConfigOC.OCFastMode = TIM_OCFAST_DISABLE;
 246              		.loc 1 53 0
 247 004c 0392     		str	r2, [sp, #12]
  54:Src/tim.c     ****   if (HAL_TIM_PWM_ConfigChannel(&htim3, &sConfigOC, TIM_CHANNEL_1) != HAL_OK)
 248              		.loc 1 54 0
 249 004e 0592     		str	r2, [sp, #20]
  55:Src/tim.c     ****   {
 250              		.loc 1 55 0
 251 0050 01A9     		add	r1, sp, #4
 252 0052 0E48     		ldr	r0, .L27
 253 0054 FFF7FEFF 		bl	HAL_TIM_PWM_ConfigChannel
 254              	.LVL9:
 255 0058 88B9     		cbnz	r0, .L25
 256              	.L20:
  59:Src/tim.c     ****   {
 257              		.loc 1 59 0
 258 005a 0822     		movs	r2, #8
 259 005c 01A9     		add	r1, sp, #4
 260 005e 0B48     		ldr	r0, .L27
ARM GAS  /tmp/ccb59hZX.s 			page 8


 261 0060 FFF7FEFF 		bl	HAL_TIM_PWM_ConfigChannel
 262              	.LVL10:
 263 0064 70B9     		cbnz	r0, .L26
 264              	.L21:
  63:Src/tim.c     **** 
 265              		.loc 1 63 0
 266 0066 0948     		ldr	r0, .L27
 267 0068 FFF7FEFF 		bl	HAL_TIM_MspPostInit
 268              	.LVL11:
  65:Src/tim.c     **** 
 269              		.loc 1 65 0
 270 006c 0BB0     		add	sp, sp, #44
 271              	.LCFI8:
 272              		.cfi_remember_state
 273              		.cfi_def_cfa_offset 4
 274              		@ sp needed
 275 006e 5DF804FB 		ldr	pc, [sp], #4
 276              	.L23:
 277              	.LCFI9:
 278              		.cfi_restore_state
  43:Src/tim.c     ****   }
 279              		.loc 1 43 0
 280 0072 FFF7FEFF 		bl	Error_Handler
 281              	.LVL12:
 282 0076 DDE7     		b	.L18
 283              	.L24:
  49:Src/tim.c     ****   }
 284              		.loc 1 49 0
 285 0078 FFF7FEFF 		bl	Error_Handler
 286              	.LVL13:
 287 007c E2E7     		b	.L19
 288              	.L25:
  57:Src/tim.c     ****   }
 289              		.loc 1 57 0
 290 007e FFF7FEFF 		bl	Error_Handler
 291              	.LVL14:
 292 0082 EAE7     		b	.L20
 293              	.L26:
  61:Src/tim.c     ****   }
 294              		.loc 1 61 0
 295 0084 FFF7FEFF 		bl	Error_Handler
 296              	.LVL15:
 297 0088 EDE7     		b	.L21
 298              	.L28:
 299 008a 00BF     		.align	2
 300              	.L27:
 301 008c 00000000 		.word	htim3
 302 0090 00040040 		.word	1073742848
 303              		.cfi_endproc
 304              	.LFE65:
 306              		.section	.text.HAL_TIM_PWM_MspDeInit,"ax",%progbits
 307              		.align	1
 308              		.global	HAL_TIM_PWM_MspDeInit
 309              		.syntax unified
 310              		.thumb
 311              		.thumb_func
 312              		.fpu softvfp
ARM GAS  /tmp/ccb59hZX.s 			page 9


 314              	HAL_TIM_PWM_MspDeInit:
 315              	.LFB68:
 114:Src/tim.c     **** 
 115:Src/tim.c     **** void HAL_TIM_PWM_MspDeInit(TIM_HandleTypeDef* tim_pwmHandle)
 116:Src/tim.c     **** {
 316              		.loc 1 116 0
 317              		.cfi_startproc
 318              		@ args = 0, pretend = 0, frame = 0
 319              		@ frame_needed = 0, uses_anonymous_args = 0
 320              		@ link register save eliminated.
 321              	.LVL16:
 117:Src/tim.c     **** 
 118:Src/tim.c     ****   if(tim_pwmHandle->Instance==TIM3)
 322              		.loc 1 118 0
 323 0000 0268     		ldr	r2, [r0]
 324 0002 054B     		ldr	r3, .L32
 325 0004 9A42     		cmp	r2, r3
 326 0006 00D0     		beq	.L31
 327              	.L29:
 328 0008 7047     		bx	lr
 329              	.L31:
 119:Src/tim.c     ****   {
 120:Src/tim.c     ****   /* USER CODE BEGIN TIM3_MspDeInit 0 */
 121:Src/tim.c     **** 
 122:Src/tim.c     ****   /* USER CODE END TIM3_MspDeInit 0 */
 123:Src/tim.c     ****     /* Peripheral clock disable */
 124:Src/tim.c     ****     __HAL_RCC_TIM3_CLK_DISABLE();
 330              		.loc 1 124 0
 331 000a 044A     		ldr	r2, .L32+4
 332 000c D369     		ldr	r3, [r2, #28]
 333 000e 23F00203 		bic	r3, r3, #2
 334 0012 D361     		str	r3, [r2, #28]
 125:Src/tim.c     ****   /* USER CODE BEGIN TIM3_MspDeInit 1 */
 126:Src/tim.c     **** 
 127:Src/tim.c     ****   /* USER CODE END TIM3_MspDeInit 1 */
 128:Src/tim.c     ****   }
 129:Src/tim.c     **** } 
 335              		.loc 1 129 0
 336 0014 F8E7     		b	.L29
 337              	.L33:
 338 0016 00BF     		.align	2
 339              	.L32:
 340 0018 00040040 		.word	1073742848
 341 001c 00100240 		.word	1073876992
 342              		.cfi_endproc
 343              	.LFE68:
 345              		.comm	htim3,64,4
 346              		.text
 347              	.Letext0:
 348              		.file 2 "/usr/include/newlib/machine/_default_types.h"
 349              		.file 3 "/usr/include/newlib/sys/_stdint.h"
 350              		.file 4 "Drivers/CMSIS/Include/core_cm3.h"
 351              		.file 5 "Drivers/CMSIS/Device/ST/STM32F1xx/Include/system_stm32f1xx.h"
 352              		.file 6 "Drivers/CMSIS/Device/ST/STM32F1xx/Include/stm32f103xb.h"
 353              		.file 7 "Drivers/STM32F1xx_HAL_Driver/Inc/stm32f1xx_hal_def.h"
 354              		.file 8 "Drivers/STM32F1xx_HAL_Driver/Inc/stm32f1xx_hal_gpio.h"
 355              		.file 9 "Drivers/STM32F1xx_HAL_Driver/Inc/stm32f1xx_hal_dma.h"
ARM GAS  /tmp/ccb59hZX.s 			page 10


 356              		.file 10 "Drivers/STM32F1xx_HAL_Driver/Inc/stm32f1xx_hal_tim.h"
 357              		.file 11 "Drivers/STM32F1xx_HAL_Driver/Inc/stm32f1xx_hal.h"
 358              		.file 12 "Inc/tim.h"
 359              		.file 13 "Drivers/STM32F1xx_HAL_Driver/Inc/stm32f1xx_hal_tim_ex.h"
 360              		.file 14 "Inc/main.h"
ARM GAS  /tmp/ccb59hZX.s 			page 11


DEFINED SYMBOLS
                            *ABS*:0000000000000000 tim.c
     /tmp/ccb59hZX.s:16     .text.HAL_TIM_PWM_MspInit:0000000000000000 $t
     /tmp/ccb59hZX.s:23     .text.HAL_TIM_PWM_MspInit:0000000000000000 HAL_TIM_PWM_MspInit
     /tmp/ccb59hZX.s:65     .text.HAL_TIM_PWM_MspInit:0000000000000028 $d
     /tmp/ccb59hZX.s:70     .text.HAL_TIM_MspPostInit:0000000000000000 $t
     /tmp/ccb59hZX.s:77     .text.HAL_TIM_MspPostInit:0000000000000000 HAL_TIM_MspPostInit
     /tmp/ccb59hZX.s:168    .text.HAL_TIM_MspPostInit:0000000000000068 $d
     /tmp/ccb59hZX.s:175    .text.MX_TIM3_Init:0000000000000000 $t
     /tmp/ccb59hZX.s:182    .text.MX_TIM3_Init:0000000000000000 MX_TIM3_Init
     /tmp/ccb59hZX.s:301    .text.MX_TIM3_Init:000000000000008c $d
                            *COM*:0000000000000040 htim3
     /tmp/ccb59hZX.s:307    .text.HAL_TIM_PWM_MspDeInit:0000000000000000 $t
     /tmp/ccb59hZX.s:314    .text.HAL_TIM_PWM_MspDeInit:0000000000000000 HAL_TIM_PWM_MspDeInit
     /tmp/ccb59hZX.s:340    .text.HAL_TIM_PWM_MspDeInit:0000000000000018 $d
                     .debug_frame:0000000000000010 $d

UNDEFINED SYMBOLS
HAL_GPIO_Init
HAL_TIM_PWM_Init
HAL_TIMEx_MasterConfigSynchronization
HAL_TIM_PWM_ConfigChannel
Error_Handler
